.
./var
./rom
./rom/note
./lib
./lib/libjson_script.so
./lib/ld-2.19.so
./lib/libutil.so.1
./lib/firmware
./lib/libresolv-2.19.so
./lib/libcidn-2.19.so
./lib/functions
./lib/functions/procd.sh
./lib/functions/system.sh
./lib/functions/uci-defaults.sh
./lib/functions/leds.sh
./lib/functions/service.sh
./lib/functions/fsck
./lib/functions/fsck/e2fsck.sh
./lib/functions/network.sh
./lib/functions/preinit.sh
./lib/libuci.so
./lib/libubox.so
./lib/modules
./lib/modules/3.10.33
./lib/modules/3.10.33/pppoe.ko
./lib/modules/3.10.33/xt_id.ko
./lib/modules/3.10.33/xt_CT.ko
./lib/modules/3.10.33/xt_LOG.ko
./lib/modules/3.10.33/xt_multiport.ko
./lib/netifd
./lib/netifd/utils.sh
./lib/netifd/ppp-down
./lib/netifd/ppp-up
./lib/netifd/netifd-proto.sh
./lib/netifd/dhcp.script
./lib/netifd/proto
./lib/netifd/proto/dhcpv6.sh
./lib/netifd/proto/ppp.sh
./lib/netifd/proto/dhcp.sh
./lib/netifd/netifd-wireless.sh
./lib/netifd/dhcpv6.script
./lib/upgrade
./lib/upgrade/common.sh
./lib/upgrade/keep.d
./lib/upgrade/keep.d/base-files
./lib/upgrade/keep.d/ppp
./lib/upgrade/keep.d/base-files-essential
./lib/libdl-2.19.so
./lib/network
./lib/network/config.sh
./lib/libgcc_s.so.1
./lib/libcidn.so.1
./lib/meson.sh
./lib/libfstools.so
./lib/librt.so.1
./lib/libdl.so.2
./lib/libnss_dns.so.2
./lib/preinit
./lib/preinit/02_default_set_state
./lib/preinit/10_indicate_preinit
./lib/preinit/99_10_run_init
./lib/preinit/70_initramfs_test
./lib/preinit/30_failsafe_wait
./lib/preinit/50_indicate_regular_preinit
./lib/preinit/40_run_failsafe_hook
./lib/preinit/99_10_failsafe_login
./lib/preinit/10_indicate_failsafe
./lib/preinit/01_preinit.sh
./lib/preinit/80_mount_root
./lib/libnss_files.so.2
./lib/libanl.so.1
./lib/libcrypt-2.19.so
./lib/libc-2.19.so
./lib/libm.so.6
./lib/libpthread.so.0
./lib/libpthread-2.19.so
./lib/libblobmsg_json.so
./lib/libcrypt.so.1
./lib/libm-2.19.so
./lib/config
./lib/config/uci.sh
./lib/libanl-2.19.so
./lib/librt-2.19.so
./lib/libutil-2.19.so
./lib/libubus.so
./lib/functions.sh
./lib/libvalidate.so
./lib/ld-linux-armhf.so.3
./lib/libnss_files-2.19.so
./lib/libnss_dns-2.19.so
./lib/libc.so.6
./lib/libresolv.so.2
./init
./mnt
./bin
./bin/mv
./bin/egrep
./bin/uname
./bin/gunzip
./bin/vi
./bin/sh
./bin/gzip
./bin/sleep
./bin/ipcalc.sh
./bin/mktemp
./bin/df
./bin/chgrp
./bin/sync
./bin/echo
./bin/login.sh
./bin/chown
./bin/cat
./bin/fgrep
./bin/dd
./bin/mknod
./bin/ping6
./bin/fsync
./bin/zcat
./bin/rmdir
./bin/pidof
./bin/sed
./bin/tar
./bin/date
./bin/kill
./bin/netstat
./bin/true
./bin/busybox
./bin/rm
./bin/ls
./bin/lock
./bin/grep
./bin/opkg
./bin/pwd
./bin/netmsg
./bin/mkdir
./bin/chmod
./bin/ash
./bin/false
./bin/ubus
./bin/mount
./bin/ping
./bin/umount
./bin/cp
./bin/ln
./bin/dmesg
./bin/nice
./bin/touch
./bin/ps
./etc
./etc/resolv.conf
./etc/uci-defaults
./etc/uci-defaults/11_migrate-sysctl
./etc/uci-defaults/12_network-generate-ula
./etc/uci-defaults/odhcpd.defaults
./etc/uci-defaults/10_migrate-shadow
./etc/uci-defaults/02_network
./etc/shadow
./etc/rc.local
./etc/TZ
./etc/passwd
./etc/firewall.user
./etc/hotplug.json
./etc/profile
./etc/group
./etc/services
./etc/opkg.conf
./etc/mtab
./etc/hosts
./etc/localtime
./etc/modules.d
./etc/modules.d/ipt-conntrack
./etc/modules.d/ipt-core
./etc/modules.d/pppoe
./etc/preinit
./etc/banner
./etc/openwrt_release
./etc/dnsmasq.conf
./etc/hotplug-preinit.json
./etc/init.d
./etc/init.d/sysntpd
./etc/init.d/telnet
./etc/init.d/done
./etc/init.d/dnsmasq
./etc/init.d/network
./etc/init.d/log
./etc/init.d/boot
./etc/init.d/firewall
./etc/init.d/system
./etc/init.d/sysctl
./etc/init.d/umount
./etc/init.d/cron
./etc/init.d/sysfixtime
./etc/init.d/dropbear
./etc/init.d/odhcpd
./etc/init.d/led
./etc/fstab
./etc/inittab
./etc/hotplug.d
./etc/hotplug.d/net
./etc/hotplug.d/net/00-sysctl
./etc/hotplug.d/iface
./etc/hotplug.d/iface/20-firewall
./etc/hotplug.d/iface/25-dnsmasq
./etc/hotplug.d/iface/00-netstate
./etc/config
./etc/config/network
./etc/config/dhcp
./etc/config/firewall
./etc/config/system
./etc/config/dropbear
./etc/rc.common
./etc/rc.d
./etc/rc.d/S19firewall
./etc/rc.d/K90network
./etc/rc.d/S98sysntpd
./etc/rc.d/S50telnet
./etc/rc.d/K89log
./etc/rc.d/S35odhcpd
./etc/rc.d/S10boot
./etc/rc.d/S20network
./etc/rc.d/S50dropbear
./etc/rc.d/S12log
./etc/rc.d/S11sysctl
./etc/rc.d/K85odhcpd
./etc/rc.d/S50cron
./etc/rc.d/S00sysfixtime
./etc/rc.d/S95done
./etc/rc.d/K98boot
./etc/rc.d/S96led
./etc/rc.d/K50dropbear
./etc/rc.d/S10system
./etc/rc.d/K99umount
./etc/rc.d/S60dnsmasq
./etc/shells
./etc/crontabs
./etc/nsswitch.conf
./etc/ppp
./etc/ppp/resolv.conf
./etc/ppp/filter
./etc/ppp/options
./etc/ppp/chap-secrets
./etc/openwrt_version
./etc/dropbear
./etc/dropbear/dropbear_rsa_host_key
./etc/dropbear/dropbear_dss_host_key
./etc/device_info
./etc/sysctl.conf
./etc/sysupgrade.conf
./etc/e2fsck.conf
./etc/rc.button
./etc/rc.button/reset
./etc/rc.button/power
./etc/rc.button/failsafe
./etc/rc.button/rfkill
./etc/diag.sh
./etc/protocols
./root
./sys
./overlay
./usr
./usr/lib
./usr/lib/libip6tc.so.0
./usr/lib/libip4tc.so.0
./usr/lib/libxtables.so
./usr/lib/libe2p.so.2
./usr/lib/libstdc++.so.6
./usr/lib/libxtables.so.10
./usr/lib/libuuid.so.1.3.0
./usr/lib/libext2fs.so.2
./usr/lib/libjson-c.so.2
./usr/lib/libip4tc.so
./usr/lib/libcom_err.so.0
./usr/lib/libjson-c.so.2.0.1
./usr/lib/libip6tc.so
./usr/lib/libstdc++.so.6.0.19-gdb.py
./usr/lib/libxtables.so.10.0.0
./usr/lib/libip6tc.so.0.1.0
./usr/lib/libe2p.so.2.3
./usr/lib/libnl-tiny.so
./usr/lib/opkg
./usr/lib/opkg/lists
./usr/lib/opkg/info
./usr/lib/opkg/info/kmod-ppp.list
./usr/lib/opkg/info/libgcc.control
./usr/lib/opkg/info/kmod-slhc.control
./usr/lib/opkg/info/libnl-tiny.control
./usr/lib/opkg/info/busybox.list
./usr/lib/opkg/info/dnsmasq.list
./usr/lib/opkg/info/kmod-ipt-conntrack.control
./usr/lib/opkg/info/kmod-ipt-conntrack.list
./usr/lib/opkg/info/jsonfilter.control
./usr/lib/opkg/info/libubox.control
./usr/lib/opkg/info/kmod-pppox.control
./usr/lib/opkg/info/libblobmsg-json.control
./usr/lib/opkg/info/libstdcpp.list
./usr/lib/opkg/info/ppp-mod-pppoe.list
./usr/lib/opkg/info/procd.list
./usr/lib/opkg/info/ppp.list
./usr/lib/opkg/info/dropbear.list
./usr/lib/opkg/info/libip6tc.control
./usr/lib/opkg/info/libip4tc.control
./usr/lib/opkg/info/libc.list
./usr/lib/opkg/info/libext2fs.control
./usr/lib/opkg/info/fstools.list
./usr/lib/opkg/info/libip6tc.list
./usr/lib/opkg/info/odhcpd.control
./usr/lib/opkg/info/libstdcpp.control
./usr/lib/opkg/info/base-files.control
./usr/lib/opkg/info/libubus.control
./usr/lib/opkg/info/ubox.control
./usr/lib/opkg/info/kmod-ipt-core.list
./usr/lib/opkg/info/dropbear.conffiles
./usr/lib/opkg/info/libxtables.list
./usr/lib/opkg/info/ubus.list
./usr/lib/opkg/info/ppp.conffiles
./usr/lib/opkg/info/libjson-script.list
./usr/lib/opkg/info/ubus.control
./usr/lib/opkg/info/procd.control
./usr/lib/opkg/info/netifd.list
./usr/lib/opkg/info/jshn.control
./usr/lib/opkg/info/ppp.control
./usr/lib/opkg/info/dnsmasq.control
./usr/lib/opkg/info/libblobmsg-json.list
./usr/lib/opkg/info/mtd.list
./usr/lib/opkg/info/kmod-pppoe.list
./usr/lib/opkg/info/kmod-pppox.list
./usr/lib/opkg/info/libuci.list
./usr/lib/opkg/info/libjson-c.list
./usr/lib/opkg/info/jsonfilter.list
./usr/lib/opkg/info/uci.list
./usr/lib/opkg/info/netifd.control
./usr/lib/opkg/info/opkg.control
./usr/lib/opkg/info/ubusd.control
./usr/lib/opkg/info/kmod-ppp.control
./usr/lib/opkg/info/jshn.list
./usr/lib/opkg/info/libubus.list
./usr/lib/opkg/info/libjson-script.control
./usr/lib/opkg/info/fstools.control
./usr/lib/opkg/info/dnsmasq.conffiles
./usr/lib/opkg/info/kernel.list
./usr/lib/opkg/info/kmod-pppoe.control
./usr/lib/opkg/info/libxtables.control
./usr/lib/opkg/info/libuuid.list
./usr/lib/opkg/info/kmod-slhc.list
./usr/lib/opkg/info/kmod-ipv6.control
./usr/lib/opkg/info/firewall.conffiles
./usr/lib/opkg/info/libuuid.control
./usr/lib/opkg/info/librt.list
./usr/lib/opkg/info/e2fsprogs.list
./usr/lib/opkg/info/base-files.conffiles
./usr/lib/opkg/info/kmod-ipv6.list
./usr/lib/opkg/info/e2fsprogs.control
./usr/lib/opkg/info/kmod-ipt-core.control
./usr/lib/opkg/info/firewall.list
./usr/lib/opkg/info/libjson-c.control
./usr/lib/opkg/info/base-files.list
./usr/lib/opkg/info/busybox.control
./usr/lib/opkg/info/odhcpd.list
./usr/lib/opkg/info/libnl-tiny.list
./usr/lib/opkg/info/firewall.control
./usr/lib/opkg/info/ppp-mod-pppoe.control
./usr/lib/opkg/info/kmod-lib-crc-ccitt.list
./usr/lib/opkg/info/uci.control
./usr/lib/opkg/info/libgcc.list
./usr/lib/opkg/info/libuci.control
./usr/lib/opkg/info/ubusd.list
./usr/lib/opkg/info/kernel.control
./usr/lib/opkg/info/libc.control
./usr/lib/opkg/info/libip4tc.list
./usr/lib/opkg/info/libpthread.list
./usr/lib/opkg/info/odhcp6c.control
./usr/lib/opkg/info/libpthread.control
./usr/lib/opkg/info/dropbear.control
./usr/lib/opkg/info/librt.control
./usr/lib/opkg/info/ubox.list
./usr/lib/opkg/info/kmod-lib-crc-ccitt.control
./usr/lib/opkg/info/opkg.list
./usr/lib/opkg/info/opkg.conffiles
./usr/lib/opkg/info/mtd.control
./usr/lib/opkg/info/libext2fs.list
./usr/lib/opkg/info/libubox.list
./usr/lib/opkg/info/odhcp6c.list
./usr/lib/opkg/status
./usr/lib/libuuid.so.1
./usr/lib/libip4tc.so.0.1.0
./usr/lib/pppd
./usr/lib/pppd/2.4.7
./usr/lib/pppd/2.4.7/rp-pppoe.so
./usr/lib/libstdc++.so.6.0.19
./usr/lib/libext2fs.so.2.4
./usr/lib/libcom_err.so.0.0
./usr/bin
./usr/bin/[[
./usr/bin/top
./usr/bin/pgrep
./usr/bin/tee
./usr/bin/[
./usr/bin/find
./usr/bin/bzcat
./usr/bin/id
./usr/bin/telnet
./usr/bin/test
./usr/bin/crontab
./usr/bin/reset
./usr/bin/du
./usr/bin/head
./usr/bin/nc
./usr/bin/dbclient
./usr/bin/dropbearkey
./usr/bin/passwd
./usr/bin/killall
./usr/bin/uniq
./usr/bin/xargs
./usr/bin/jshn
./usr/bin/env
./usr/bin/dirname
./usr/bin/free
./usr/bin/readlink
./usr/bin/expr
./usr/bin/md5sum
./usr/bin/nslookup
./usr/bin/mkfifo
./usr/bin/ssh
./usr/bin/less
./usr/bin/yes
./usr/bin/printf
./usr/bin/sort
./usr/bin/basename
./usr/bin/hexdump
./usr/bin/scp
./usr/bin/wc
./usr/bin/bunzip2
./usr/bin/cmp
./usr/bin/awk
./usr/bin/clear
./usr/bin/seq
./usr/bin/uptime
./usr/bin/logger
./usr/bin/jsonfilter
./usr/bin/tail
./usr/bin/which
./usr/bin/hostid
./usr/bin/cut
./usr/bin/wget
./usr/bin/strings
./usr/bin/time
./usr/bin/tr
./usr/bin/traceroute
./usr/sbin
./usr/sbin/lsmod
./usr/sbin/mke2fs
./usr/sbin/mkfs.ext2
./usr/sbin/ntpd
./usr/sbin/dnsmasq
./usr/sbin/modinfo
./usr/sbin/modprobe
./usr/sbin/chroot
./usr/sbin/mkfs.ext4
./usr/sbin/rmmod
./usr/sbin/e2fsck
./usr/sbin/odhcpd-update
./usr/sbin/brctl
./usr/sbin/pppd
./usr/sbin/arping
./usr/sbin/dropbear
./usr/sbin/odhcpd
./usr/sbin/insmod
./usr/sbin/telnetd
./usr/sbin/mkfs.ext3
./usr/sbin/odhcp6c
./usr/sbin/crond
./usr/share
./usr/share/udhcpc
./usr/share/udhcpc/default.script
./usr/share/libubox
./usr/share/libubox/jshn.sh
./proc
./dev
./sbin
./sbin/mount_root
./sbin/route
./sbin/logd
./sbin/jffs2mark
./sbin/wifi
./sbin/devstatus
./sbin/halt
./sbin/fw3
./sbin/poweroff
./sbin/init
./sbin/netifd
./sbin/ubusd
./sbin/validate_data
./sbin/udevtrigger
./sbin/ifstatus
./sbin/reboot
./sbin/jffs2reset
./sbin/udhcpc
./sbin/snapshot
./sbin/vconfig
./sbin/uci
./sbin/firstboot
./sbin/ifdown
./sbin/logread
./sbin/ifconfig
./sbin/kmodloader
./sbin/sysupgrade
./sbin/mkswap
./sbin/start-stop-daemon
./sbin/ifup
./sbin/procd
./sbin/sysctl
./sbin/snapshot_tool
./sbin/devmem
./sbin/pivot_root
./sbin/askfirst
./sbin/led.sh
./sbin/hotplug-call
./sbin/mtd
./sbin/hwclock
./sbin/switch_root
./sbin/reload_config
./tmp
./www
